0 info it worked if it ends with ok
1 verbose cli [ 'C:\\Program Files (x86)\\nodejs\\node.exe',
1 verbose cli   'C:\\Users\\Stefan.Heim.TIP\\AppData\\Roaming\\npm\\node_modules\\npm\\bin\\npm-cli.js',
1 verbose cli   'run',
1 verbose cli   'web' ]
2 info using npm@4.0.5
3 info using node@v6.9.1
4 verbose run-script [ 'preweb', 'web', 'postweb' ]
5 info lifecycle aurelia-forms@0.4.0~preweb: aurelia-forms@0.4.0
6 silly lifecycle aurelia-forms@0.4.0~preweb: no script for preweb, continuing
7 info lifecycle aurelia-forms@0.4.0~web: aurelia-forms@0.4.0
8 verbose lifecycle aurelia-forms@0.4.0~web: unsafe-perm in lifecycle true
9 verbose lifecycle aurelia-forms@0.4.0~web: PATH: C:\Users\Stefan.Heim.TIP\AppData\Roaming\npm\node_modules\npm\bin\node-gyp-bin;C:\projects\aurelia-forms\node_modules\.bin;C:\Program Files (x86)\Common Files\Intermec\Dlls;C:\ProgramData\Oracle\Java\javapath;C:\XSal2;C:\Program Files (x86)\Gupta\Team Developer 2005.1;C:\app\stefan.heim\product\11.2.0\client_2\bin;C:\app\stefan.heim\product\11.2.0\client_1\bin;C:\Program Files (x86)\Intel\iCLS Client\;C:\Program Files\Intel\iCLS Client\;C:\WINDOWS\system32;C:\WINDOWS;C:\WINDOWS\System32\Wbem;C:\WINDOWS\System32\WindowsPowerShell\v1.0\;C:\Program Files\Intel\Intel(R) Management Engine Components\DAL;C:\Program Files\Intel\Intel(R) Management Engine Components\IPT;C:\Program Files (x86)\Intel\Intel(R) Management Engine Components\DAL;C:\Program Files (x86)\Intel\Intel(R) Management Engine Components\IPT;C:\Program Files (x86)\Microsoft ASP.NET\ASP.NET Web Pages\v1.0\;C:\Program Files\Microsoft SQL Server\110\Tools\Binn\;C:\Program Files (x86)\Microsoft Team Foundation Server 2015 Power Tools\;%BPADir%;C:\Program Files\Microsoft SQL Server\Client SDK\ODBC\110\Tools\Binn\;C:\Program Files (x86)\Microsoft SQL Server\120\Tools\Binn\;C:\Program Files\Microsoft SQL Server\120\Tools\Binn\;C:\Program Files\Microsoft SQL Server\120\DTS\Binn\;C:\Program Files (x86)\Microsoft SQL Server\120\Tools\Binn\ManagementStudio\;C:\Program Files (x86)\Microsoft SQL Server\120\DTS\Binn\;C:\Program Files\Microsoft\Web Platform Installer\;C:\Program Files\Microsoft SQL Server\130\Tools\Binn\;C:\Program Files (x86)\Windows Kits\10\Windows Performance Toolkit\;C:\Program Files (x86)\Microsoft Emulator Manager\1.0\;C:\Program Files\Git\cmd;C:\Program Files (x86)\Microsoft SQL Server Migration Assistant for Oracle\bin\;C:\Program Files (x86)\nodejs\;C:\Program Files\dotnet\;C:\Users\Stefan.Heim.TIP\AppData\Local\atom\bin;C:\Program Files (x86)\Microsoft VS Code\bin;C:\Users\Stefan.Heim.TIP\AppData\Local\Microsoft\WindowsApps;C:\Users\Stefan.Heim.TIP\AppData\Roaming\npm
10 verbose lifecycle aurelia-forms@0.4.0~web: CWD: C:\projects\aurelia-forms
11 silly lifecycle aurelia-forms@0.4.0~web: Args: [ '/d /s /c', 'webpack-dev-server --hot --inline' ]
12 silly lifecycle aurelia-forms@0.4.0~web: Returned: code: 3221225786  signal: null
13 info lifecycle aurelia-forms@0.4.0~web: Failed to exec web script
14 verbose stack Error: aurelia-forms@0.4.0 web: `webpack-dev-server --hot --inline`
14 verbose stack Exit status 3221225786
14 verbose stack     at EventEmitter.<anonymous> (C:\Users\Stefan.Heim.TIP\AppData\Roaming\npm\node_modules\npm\lib\utils\lifecycle.js:279:16)
14 verbose stack     at emitTwo (events.js:106:13)
14 verbose stack     at EventEmitter.emit (events.js:191:7)
14 verbose stack     at ChildProcess.<anonymous> (C:\Users\Stefan.Heim.TIP\AppData\Roaming\npm\node_modules\npm\lib\utils\spawn.js:40:14)
14 verbose stack     at emitTwo (events.js:106:13)
14 verbose stack     at ChildProcess.emit (events.js:191:7)
14 verbose stack     at maybeClose (internal/child_process.js:877:16)
14 verbose stack     at Process.ChildProcess._handle.onexit (internal/child_process.js:226:5)
15 verbose pkgid aurelia-forms@0.4.0
16 verbose cwd C:\projects\aurelia-forms
17 error Windows_NT 10.0.14393
18 error argv "C:\\Program Files (x86)\\nodejs\\node.exe" "C:\\Users\\Stefan.Heim.TIP\\AppData\\Roaming\\npm\\node_modules\\npm\\bin\\npm-cli.js" "run" "web"
19 error node v6.9.1
20 error npm  v4.0.5
21 error code ELIFECYCLE
22 error aurelia-forms@0.4.0 web: `webpack-dev-server --hot --inline`
22 error Exit status 3221225786
23 error Failed at the aurelia-forms@0.4.0 web script 'webpack-dev-server --hot --inline'.
23 error Make sure you have the latest version of node.js and npm installed.
23 error If you do, this is most likely a problem with the aurelia-forms package,
23 error not with npm itself.
23 error Tell the author that this fails on your system:
23 error     webpack-dev-server --hot --inline
23 error You can get information on how to open an issue for this project with:
23 error     npm bugs aurelia-forms
23 error Or if that isn't available, you can get their info via:
23 error     npm owner ls aurelia-forms
23 error There is likely additional logging output above.
24 verbose exit [ 1, true ]
